<?xml version="1.0" encoding="UTF-8"?>
<testng-results ignored="0" total="1" passed="1" failed="0" skipped="0">
  <reporter-output>
  </reporter-output>
  <suite started-at="2026-06-04T13:07:56 IST" name="Suite" finished-at="2026-06-04T13:08:01 IST" duration-ms="4442">
    <groups>
    </groups>
    <test started-at="2026-06-04T13:07:56 IST" name="Test" finished-at="2026-06-04T13:08:01 IST" duration-ms="4442">
      <class name="day34.GoogleTest">
        <test-method signature="verifyGoogleTitle()[pri:0, instance:day34.GoogleTest@a1153bc]" started-at="2026-06-04T13:07:56 IST" name="verifyGoogleTitle" finished-at="2026-06-04T13:08:01 IST" duration-ms="4379" status="PASS">
          <reporter-output>
          </reporter-output>
        </test-method> <!-- verifyGoogleTitle -->
      </class> <!-- day34.GoogleTest -->
    </test> <!-- Test -->
  </suite> <!-- Suite -->
</testng-results>
